[09:00:01] 开始价格监控任务
❌ 未找到附加的浏览器标签页，请确保 Chrome 扩展已开启
[21:00:00] 开始价格监控任务
❌ 未找到附加的浏览器标签页，请确保 Chrome 扩展已开启
[09:00:00] 开始价格监控任务
❌ 未找到附加的浏览器标签页，请确保 Chrome 扩展已开启
[21:00:00] 开始价格监控任务
❌ 未找到附加的浏览器标签页，请确保 Chrome 扩展已开启
==================================================
淘宝价格监控 - 09:00
==================================================

【塞班户外 - Peregrine】
  共 0 个 SKU
  ✗ 未找到: 黑色 TX 版
  ✗ 未找到: 黑色经典版
  ✗ 未找到: 灰色 DARK

==================================================
完成
==================================================
淘宝价格监控 - 21:00
==================================================

【塞班户外 - Peregrine】
  共 0 个 SKU
  ✗ 未找到: 黑色 TX 版
  ✗ 未找到: 黑色经典版
  ✗ 未找到: 灰色 DARK

==================================================
完成
