============================================================
📊 淘宝价格监控 - 20商品完整版
时间: 2026-03-21 21:17
商品数: 20
============================================================
  🔄 重启浏览器...

【大洋潜水 - Perdix】
  找到 4 个SKU
  点击 [0]: perdix2 ti 银色
    ✅ ¥7281

【塞班户外 - Perdix】
  找到 5 个SKU
  点击 [0]: PERDIX 2 Ti/银色/
    ✅ ¥7281

【白鳍鲨 - Perdix】
  找到 5 个SKU
  点击 [0]: PERDIX 2 Ti BLACK
    ✅ ¥7641

【岁老板 - Perdix】
  找到 6 个SKU
  点击 [2]: Ti Black（钛黑版）
    ✅ ¥7046

【三潜社 - Perdix】
  找到 3 个SKU
  点击 [2]: PERDIX 2 Ti BLACK
    ✅ ¥7281
  🔄 重启浏览器...

【大洋潜水 - Peregrine】
  找到 5 个SKU
  点击 [0]: Peregrine 灰色
    ✅ ¥3457
  点击 [3]: Peregrine TX 需预定
    ✅ ¥4335

【塞班户外 - Peregrine】
  找到 11 个SKU
  点击 [3]: 黑色 TX 版
    ✅ ¥4399
  点击 [2]: 黑色经典版
    ✅ ¥3351
  点击 [1]: 灰色 DARK
    ✅ ¥3351

【白鳍鲨 - Peregrine】
  找到 11 个SKU
  点击 [0]: peregrine黑色
    ✅ ¥3771
  点击 [4]: peregrine TX黑色（可配传感器）
    ✅ ¥5211

【岁老板 - Peregrine】
  找到 7 个SKU
  点击 [4]: 普通版黑蓝色
    ✅ ¥3643
  点击 [1]: TX版黑色
    ✅ ¥4888

【三潜社 - Peregrine】
  找到 8 个SKU
  点击 [0]: peregrine黑色
    ✅ ¥3771
  点击 [4]: peregrine TX黑色（可配传感器）
    ✅ ¥5211
  🔄 重启浏览器...

【大洋潜水 - Teric】
  找到 11 个SKU
  点击 [3]: 浅灰色
    ✅ ¥7256

【塞班户外 - Teric】
  找到 15 个SKU
  点击 [2]: 黑盘黑表带
    ✅ ¥7046

【白鳍鲨 - Teric】
  找到 17 个SKU
  点击 [3]: 黑色
    ✅ ¥7461

【岁老板 - Teric】
  找到 22 个SKU
  点击 [1]: 黑色
    ✅ ¥6880

【三潜社 - Teric】
  找到 5 个SKU
  点击 [0]: 黑色
    ✅ ¥7461
  🔄 重启浏览器...

【大洋潜水 - Tern】
  找到 4 个SKU
  点击 [0]: Tern
    ✅ ¥4101
  点击 [1]: Tern TX
    ✅ ¥5391

【塞班户外 - Tern】
  找到 4 个SKU
  点击 [0]: TERN New
    ✅ ¥3991
  点击 [1]: TERN TX【可另配传感器】
    ✅ ¥5391

【白鳍鲨 - Tern】
  找到 4 个SKU
  点击 [0]: TERN
    ✅ ¥4491
  点击 [1]: TERN TX (可另配传感器）
    ✅ ¥5991

【岁老板 - Tern】
  找到 5 个SKU
  点击 [1]: TERN 银色（现货）
    ✅ ¥3726
  点击 [2]: TERN TX 黑色（现货）
    ✅ ¥4971

【三潜社 - Tern】
  找到 2 个SKU
  点击 [0]: TERN
    ✅ ¥4991
  点击 [1]: TERN TX
    ✅ ¥5991

============================================================
📊 价格汇总
============================================================

【Perdix】
  普通版:
    ¥  7046 - 岁老板      ⬇️最低
    ¥  7281 - 大洋潜水     
    ¥  7281 - 塞班户外     
    ¥  7281 - 三潜社      
    ¥  7641 - 白鳍鲨      ⬆️最高

【Peregrine】
  普通版:
    ¥  3351 - 塞班户外     ⬇️最低
    ¥  3351 - 塞班户外     ⬇️最低
    ¥  3457 - 大洋潜水     
    ¥  3643 - 岁老板      
    ¥  3771 - 白鳍鲨      ⬆️最高
    ¥  3771 - 三潜社      ⬆️最高
  TX版本:
    ¥  4335 - 大洋潜水     ⬇️最低
    ¥  4399 - 塞班户外     
    ¥  4888 - 岁老板      
    ¥  5211 - 白鳍鲨      ⬆️最高
    ¥  5211 - 三潜社      ⬆️最高

【Teric】
  普通版:
    ¥  6880 - 岁老板      ⬇️最低
    ¥  7046 - 塞班户外     
    ¥  7256 - 大洋潜水     
    ¥  7461 - 白鳍鲨      ⬆️最高
    ¥  7461 - 三潜社      ⬆️最高

【Tern】
  普通版:
    ¥  3726 - 岁老板      ⬇️最低
    ¥  3991 - 塞班户外     
    ¥  4101 - 大洋潜水     
    ¥  4491 - 白鳍鲨      
    ¥  4991 - 三潜社      ⬆️最高
  TX版本:
    ¥  4971 - 岁老板      ⬇️最低
    ¥  5391 - 大洋潜水     
    ¥  5391 - 塞班户外     
    ¥  5991 - 白鳍鲨      ⬆️最高
    ¥  5991 - 三潜社      ⬆️最高

💾 结果已保存: logs/prices_20260321_2123.json
✅ 成功: 20/20
============================================================
